<?xml version="1.0" encoding="UTF-8"?>
<testsuite xmlns:xsi="http://www.w3.org/2001/XMLSchema-instance" xsi:noNamespaceSchemaLocation="https://maven.apache.org/surefire/maven-surefire-plugin/xsd/surefire-test-report-3.0.xsd" version="3.0" name="org.fis.project.services.UserServiceTest" time="0.755" tests="19" errors="0" skipped="0" failures="0">
  <properties>
[...]
</properties>
  <testcase name="selectPassword" classname="org.fis.project.services.UserServiceTest" time="0.044"/>
  <testcase name="selectRole" classname="org.fis.project.services.UserServiceTest" time="0.038"/>
  <testcase name="usernameNotLongEnough" classname="org.fis.project.services.UserServiceTest" time="0.038"/>
  <testcase name="addUserDatabase" classname="org.fis.project.services.UserServiceTest" time="0.084"/>
  <testcase name="checkCredentials" classname="org.fis.project.services.UserServiceTest" time="0.037"/>
  <testcase name="completePasswordLogInFields" classname="org.fis.project.services.UserServiceTest" time="0.035"/>
  <testcase name="searchStudentDatabaseException" classname="org.fis.project.services.UserServiceTest" time="0.038"/>
  <testcase name="selectRetypePassword" classname="org.fis.project.services.UserServiceTest" time="0.029"/>
  <testcase name="selectLastName" classname="org.fis.project.services.UserServiceTest" time="0.038"/>
  <testcase name="selectFirstName" classname="org.fis.project.services.UserServiceTest" time="0.038"/>
  <testcase name="addSecondUser" classname="org.fis.project.services.UserServiceTest" time="0.047"/>
  <testcase name="searchStudentDatabase" classname="org.fis.project.services.UserServiceTest" time="0.049"/>
  <testcase name="selectUsername" classname="org.fis.project.services.UserServiceTest" time="0.037"/>
  <testcase name="checkInvalidCredentials" classname="org.fis.project.services.UserServiceTest" time="0.046"/>
  <testcase name="initializeDatabase" classname="org.fis.project.services.UserServiceTest" time="0.035"/>
  <testcase name="passwordNotLongEnough" classname="org.fis.project.services.UserServiceTest" time="0.029"/>
  <testcase name="completeUsernameLogInFields" classname="org.fis.project.services.UserServiceTest" time="0.025"/>
  <testcase name="equalsPassword" classname="org.fis.project.services.UserServiceTest" time="0.025"/>
  <testcase name="encodePassword" classname="org.fis.project.services.UserServiceTest" time="0.028"/>
</testsuite>